<?xml version="1.0" encoding="UTF-8"?>
<!-- Generated by org.testng.reporters.JUnitReportReporter -->
<testsuite hostname="DESKTOP-P3OLD1D" failures="0" tests="1" name="testcases.Restriction_for_Numeric_or_Special_Characters_in_First_Name" time="7.946" errors="0" timestamp="2024-07-05T15:34:19 BDT" skipped="0">
  <testcase classname="testcases.Restriction_for_Numeric_or_Special_Characters_in_First_Name" name="VerifyInputRestrictionforNumericorSpecialCharactersinFirstNameField" time="7.946"/>
</testsuite> <!-- testcases.Restriction_for_Numeric_or_Special_Characters_in_First_Name -->
